Guest1 has joined the chat.
Guest2 has joined the chat.
Guest3 has joined the chat.
(Whisper) Guest1 to Guest2: Hello!
Guest1 has changed their name to Ethan
Guest1: Hii!
Ethan requested the client list
Error: Incorrect number of inputs for /kick command by Ethan
Error: Incorrect admin password for /kick command by Ethan
Guest2 has been kicked by Ethan
Guest2 has left the chat.
Guest1 has joined the chat.
Guest2 has joined the chat.
Guest1 has joined the chat.
Guest2 has joined the chat.
Guest3 has joined the chat.
Guest1: Hello!
Guest1 has changed their name to Ethan
Ethan: Hello
(Whisper) Ethan to Guest2: Hello!
(Whisper) Guest2 to Ethan: Hello Back!
Ethan requested the client list
Guest3 has been kicked by Ethan
Guest3 has left the chat.
